<?xml version="1.0" encoding="UTF-8"?>
<!-- Generated by org.testng.reporters.JUnitXMLReporter -->
<testsuite hostname="DESKTOP-RKQETD7" ignored="0" name="Functional" tests="2" failures="1" timestamp="03 Aug 2020 14:30:26 GMT" time="228.963" errors="0">
  <testcase name="TestingNinja_Product_guest_book_DropDownValidation_Canada_Test2" time="124.901" classname="TestCases.TestingNinjaTestCase">
    <failure type="java.lang.IndexOutOfBoundsException" message="Index: 0, Size: 0">
      <![CDATA[java.lang.IndexOutOfBoundsException: Index: 0, Size: 0
at java.util.ArrayList.rangeCheck(Unknown Source)
at java.util.ArrayList.get(Unknown Source)
at CommonLIB.GetBrowserElement.getWebElementByXpath(GetBrowserElement.java:86)
at TestCases.TestingNinjaTestCase.TestingNinja_Product_guest_book_DropDownValidation_Canada_Test2(TestingNinjaTestCase.java:58)
... Removed 25 stack frames]]>
    </failure>
  </testcase> <!-- TestingNinja_Product_guest_book_DropDownValidation_Canada_Test2 -->
  <testcase name="TestingNinja_Product_guest_book_Test1" time="95.054" classname="TestCases.TestingNinjaTestCase"/>
</testsuite> <!-- Functional -->
