<?xml version="1.0" encoding="UTF-8"?>
<!-- Generated by org.testng.reporters.JUnitXMLReporter -->
<testsuite hostname="DESKTOP-RKQETD7" ignored="0" name="Functional" tests="2" failures="0" timestamp="03 Aug 2020 14:47:13 GMT" time="200.478" errors="0">
  <testcase name="TestingNinja_Product_guest_book_DropDownValidation_Canada_Test2" time="95.303" classname="TestCases.TestingNinjaTestCase"/>
  <testcase name="TestingNinja_Product_guest_book_Test1" time="94.959" classname="TestCases.TestingNinjaTestCase"/>
</testsuite> <!-- Functional -->
