<?xml version="1.0" encoding="UTF-8"?>
<testng-results skipped="0" failed="0" ignored="0" total="1" passed="1">
  <reporter-output>
  </reporter-output>
  <suite name="Suite" duration-ms="17282" started-at="2020-08-02T16:39:51Z" finished-at="2020-08-02T16:40:08Z">
    <groups>
    </groups>
    <test name="Functional" duration-ms="17282" started-at="2020-08-02T16:39:51Z" finished-at="2020-08-02T16:40:08Z">
      <class name="TestCases.TestingNinjaTestCase">
        <test-method status="PASS" signature="SetDataProvider()[pri:0, instance:TestCases.TestingNinjaTestCase@4f7d0008]" name="SetDataProvider" is-config="true" duration-ms="13" started-at="2020-08-02T16:39:51Z" finished-at="2020-08-02T16:39:51Z">
          <reporter-output>
          </reporter-output>
        </test-method> <!-- SetDataProvider -->
        <test-method status="PASS" signature="BeforeTest(java.lang.String, java.lang.String)[pri:0, instance:TestCases.TestingNinjaTestCase@4f7d0008]" name="BeforeTest" is-config="true" duration-ms="6769" started-at="2020-08-02T16:39:51Z" finished-at="2020-08-02T16:39:57Z">
          <params>
            <param index="0">
              <value>
                <![CDATA[chrome]]>
              </value>
            </param>
            <param index="1">
              <value>
                <![CDATA[60]]>
              </value>
            </param>
          </params>
          <reporter-output>
          </reporter-output>
        </test-method> <!-- BeforeTest -->
        <test-method status="PASS" signature="TestingNinjaTest1()[pri:0, instance:TestCases.TestingNinjaTestCase@4f7d0008]" name="TestingNinjaTest1" duration-ms="10121" started-at="2020-08-02T16:39:57Z" finished-at="2020-08-02T16:40:07Z">
          <reporter-output>
          </reporter-output>
        </test-method> <!-- TestingNinjaTest1 -->
        <test-method status="PASS" signature="TearDown()[pri:0, instance:TestCases.TestingNinjaTestCase@4f7d0008]" name="TearDown" is-config="true" duration-ms="0" started-at="2020-08-02T16:40:08Z" finished-at="2020-08-02T16:40:08Z">
          <reporter-output>
          </reporter-output>
        </test-method> <!-- TearDown -->
        <test-method status="PASS" signature="Cleaning()[pri:0, instance:TestCases.TestingNinjaTestCase@4f7d0008]" name="Cleaning" is-config="true" duration-ms="56" started-at="2020-08-02T16:40:08Z" finished-at="2020-08-02T16:40:08Z">
          <reporter-output>
          </reporter-output>
        </test-method> <!-- Cleaning -->
      </class> <!-- TestCases.TestingNinjaTestCase -->
    </test> <!-- Functional -->
  </suite> <!-- Suite -->
</testng-results>
